
********-CUB-AC-SHB-R32-SR2-DATA-C9200#
********-CUB-AC-SHB-R32-SR2-DATA-C9200#terminal width 511
********-CUB-AC-SHB-R32-SR2-DATA-C9200#terminal length 0
********-CUB-AC-SHB-R32-SR2-DATA-C9200#
********-CUB-AC-SHB-R32-SR2-DATA-C9200#
********-CUB-AC-SHB-R32-SR2-DATA-C9200#terminal length 0
********-CUB-AC-SHB-R32-SR2-DATA-C9200#
********-CUB-AC-SHB-R32-SR2-DATA-C9200#configure terminal
Enter configuration commands, one per line.  End with CNTL/Z.
********-CUB-AC-SHB-R32-(config)#
********-CUB-AC-SHB-R32-(config)#line vty 0 15
********-CUB-AC-SHB-R32-(config-line)#exec-timeout 0 0
********-CUB-AC-SHB-R32-(config-line)#
********-CUB-AC-SHB-R32-(config-line)#end
********-CUB-AC-SHB-R32-SR2-DATA-C9200#
********-CUB-AC-SHB-R32-SR2-DATA-C9200#
********-CUB-AC-SHB-R32-SR2-DATA-C9200#show switch
Switch/Stack Mac Address : 286b.5c11.a600 - Local Mac Address
Mac persistency wait time: Indefinite
                                             H/W   Current
Switch#   Role    Mac Address     Priority Version  State 
-------------------------------------------------------------------------------------
*1       Active   286b.5c11.a600     15     V07     Ready                               
 2       Standby  286b.5c73.9380     1      V07     Ready                               



********-CUB-AC-SHB-R32-SR2-DATA-C9200#
********-CUB-AC-SHB-R32-SR2-DATA-C9200#dir bootflash-1: | include free
                                       ^
% Invalid input detected at '^' marker.

********-CUB-AC-SHB-R32-SR2-DATA-C9200#
********-CUB-AC-SHB-R32-SR2-DATA-C9200#dir bootflash-2: | include free
                                       ^
% Invalid input detected at '^' marker.

********-CUB-AC-SHB-R32-SR2-DATA-C9200#copy running-config startup-config
Destination filename [startup-config]? 
Building configuration...
[OK]
********-CUB-AC-SHB-R32-SR2-DATA-C9200#
********-CUB-AC-SHB-R32-SR2-DATA-C9200#copy http://10.54.5.252:8080/cat9k_lite_iosxe.17.15.04.SPA.bin flash:
Destination filename [cat9k_lite_iosxe.17.15.04.SPA.bin]? 