********-DIS-SHB-R32-C9500-24P#
********-DIS-SHB-R32-C9500-24P#terminal width 511
********-DIS-SHB-R32-C9500-24P#terminal length 0
********-DIS-SHB-R32-C9500-24P#
********-DIS-SHB-R32-C9500-24P#
********-DIS-SHB-R32-C9500-24P#terminal length 0
********-DIS-SHB-R32-C9500-24P#
********-DIS-SHB-R32-C9500-24P#configure terminal
Enter configuration commands, one per line.  End with CNTL/Z.
********-DIS-SHB-R32-C95(config)#
********-DIS-SHB-R32-C95(config)#line vty 0 15
********-DIS-SHB-R32-C95(config-line)#exec-timeout 0 0
********-DIS-SHB-R32-C95(config-line)#
********-DIS-SHB-R32-C95(config-line)#end
********-DIS-SHB-R32-C9500-24P#
********-DIS-SHB-R32-C9500-24P#
********-DIS-SHB-R32-C9500-24P#show switch
Switch/Stack Mac Address : 74e2.e716.6ea0 - Local Mac Address
Mac persistency wait time: Indefinite
                                             H/W   Current
Switch#   Role    Mac Address     Priority Version  State 
-------------------------------------------------------------------------------------
 1       Standby  74e2.e701.3ee0     14     V02     Ready                               
*2       Active   74e2.e716.6ea0     15     V02     Ready                               



********-DIS-SHB-R32-C9500-24P#copy running-config startup-config
Destination filename [startup-config]? 
Building configuration...
[OK]
********-DIS-SHB-R32-C9500-24P#
********-DIS-SHB-R32-C9500-24P#copy http://10.190.100.102:8080/cat9k_iosxe.17.12.01.SPA.bin flash:
Destination filename [cat9k_iosxe.17.12.01.SPA.bin]? 
Accessing http://10.190.100.102:8080/cat9k_iosxe.17.12.01.SPA.bin...
%Error opening http://10.190.100.102:8080/cat9k_iosxe.17.12.01.SPA.bin (I/O error)
********-DIS-SHB-R32-C9500-24P#
********-DIS-SHB-R32-C9500-24P#exit
