

SW-ACCESS#
SW-ACCESS#terminal width 511
SW-ACCESS#terminal length 0
SW-ACCESS#
SW-ACCESS#
SW-ACCESS#terminal length 0
SW-ACCESS#
SW-ACCESS#configure terminal
Enter configuration commands, one per line.  End with CNTL/Z.
SW-ACCESS(config)#
SW-ACCESS(config)#line vty 0 15
SW-ACCESS(config-line)#exec-timeout 0 0
SW-ACCESS(config-line)#
SW-ACCESS(config-line)#end
SW-ACCESS#
SW-ACCESS#
SW-ACCESS#show version
Cisco IOS XE Software, Version 17.12.04
Cisco IOS Software [Dublin], Catalyst L3 Switch Software (CAT9K_IOSXE), Version 17.12.4, RELEASE SOFTWARE (fc3)
Technical Support: http://www.********.com/techsupport
Copyright (c) 1986-2024 by Cisco Systems, Inc.
Compiled Tue 23-Jul-24 09:40 by mcpre


Cisco IOS-XE software, Copyright (c) 2005-2024 by ******** Systems, Inc.
All rights reserved.  Certain components of Cisco IOS-XE software are
licensed under the GNU General Public License ("GPL") Version 2.0.  The
software code licensed under GPL Version 2.0 is free software that comes
with ABSOLUTELY NO WARRANTY.  You can redistribute and/or modify such
GPL code under the terms of GPL Version 2.0.  For more details, see the
documentation or "License Notice" file accompanying the IOS-XE software,
or the applicable URL provided on the flyer accompanying the IOS-XE
software.


ROM: IOS-XE ROMMON
BOOTLDR: System Bootstrap, Version 17.12.1r, RELEASE SOFTWARE (P)

SW-ACCESS uptime is 6 weeks, 5 days, 16 hours, 4 minutes
Uptime for this control processor is 6 weeks, 5 days, 16 hours, 6 minutes
System returned to ROM by PowerOn at 15:18:51 UTC Fri May 30 2025
System image file is "flash:packages.conf"
Last reload reason: PowerOn



This product contains cryptographic features and is subject to United
States and local country laws governing import, export, transfer and
use. Delivery of Cisco cryptographic products does not imply
third-party authority to import, export, distribute or use encryption.
Importers, exporters, distributors and users are responsible for
compliance with U.S. and local country laws. By using this product you
agree to comply with applicable laws and regulations. If you are unable
to comply with U.S. and local laws, return this product immediately.

A summary of U.S. laws governing Cisco cryptographic products may be found at:
http://www.********.com/wwl/export/crypto/tool/stqrg.html

If you require further assistance please contact us by sending email to
export@********.com.


Technology Package License Information: 

------------------------------------------------------------------------------
Technology-package                                     Technology-package
Current                        Type                       Next reboot  
------------------------------------------------------------------------------
network-advantage   	Smart License                 	 network-advantage   
dna-advantage       	Subscription Smart License    	 dna-advantage                 
AIR License Level: AIR DNA Advantage
Next reload AIR license Level: AIR DNA Advantage


Smart Licensing Status: Smart Licensing Using Policy

******** C9300-24P (X86) processor with 1301943K/6147K bytes of memory.
Processor board ID FOC2639Y49D
2 Virtual Ethernet interfaces
28 Gigabit Ethernet interfaces
8 Ten Gigabit Ethernet interfaces
2 TwentyFive Gigabit Ethernet interfaces
2 Forty Gigabit Ethernet interfaces
2048K bytes of non-volatile configuration memory.
8388608K bytes of physical memory.
1638400K bytes of Crash Files at crashinfo:.
11264000K bytes of Flash at flash:.
117219783K bytes of USB Flash at usbflash1:.

Base Ethernet MAC Address          : 34:1b:2d:27:c0:00
Motherboard Assembly Number        : 73-18271-04
Motherboard Serial Number          : FOC2638ASM5
Model Revision Number              : H0
Motherboard Revision Number        : A0
Model Number                       : C9300-24P
System Serial Number               : FOC2639Y49D
CLEI Code Number                   : INM2T10ARC


Switch Ports Model              SW Version        SW Image              Mode   
------ ----- -----              ----------        ----------            ----   
*    1 41    C9300-24P          17.12.04          CAT9K_IOSXE           INSTALL


SW-ACCESS#
SW-ACCESS#dir flash: | include free
11353194496 bytes total (4665180160 bytes free)
SW-ACCESS#copy running-config startup-config
Destination filename [startup-config]? 
Building configuration...
[OK]
SW-ACCESS#
SW-ACCESS#copy http://192.168.100.75:8080/cat9k_lite_iosxe.17.12.06.SPA.bin flash:
Destination filename [cat9k_lite_iosxe.17.12.06.SPA.bin]? 
Accessing http://192.168.100.75:8080/cat9k_lite_iosxe.17.12.06.SPA.bin...
%Error opening http://192.168.100.75:8080/cat9k_lite_iosxe.17.12.06.SPA.bin (I/O error)
SW-ACCESS#
SW-ACCESS#exit
