


Switch#
Switch#terminal width 511
Switch#terminal length 0
Switch#
Switch#
Switch#
Switch#show version
Cisco IOS XE Software, Version 17.12.04
Cisco IOS Software [Dublin], Catalyst L3 Switch Software (CAT9K_LITE_IOSXE), Version 17.12.4, RELEASE SOFTWARE (fc3)
Technical Support: http://www.********.com/techsupport
Copyright (c) 1986-2024 by Cisco Systems, Inc.
Compiled Tue 23-Jul-24 09:41 by mcpre


Cisco IOS-XE software, Copyright (c) 2005-2024 by ******** Systems, Inc.
All rights reserved.  Certain components of Cisco IOS-XE software are
licensed under the GNU General Public License ("GPL") Version 2.0.  The
software code licensed under GPL Version 2.0 is free software that comes
with ABSOLUTELY NO WARRANTY.  You can redistribute and/or modify such
GPL code under the terms of GPL Version 2.0.  For more details, see the
documentation or "License Notice" file accompanying the IOS-XE software,
or the applicable URL provided on the flyer accompanying the IOS-XE
software.


ROM: IOS-XE ROMMON
BOOTLDR: System Bootstrap, Version 17.14.1r [FC1], RELEASE SOFTWARE (P) 

Switch uptime is 2 hours, 59 minutes
Uptime for this control processor is 3 hours, 1 minute
System returned to ROM by Reload Command
System image file is "flash:packages.conf"
Last reload reason: Reload Command



This product contains cryptographic features and is subject to United
States and local country laws governing import, export, transfer and
use. Delivery of Cisco cryptographic products does not imply
third-party authority to import, export, distribute or use encryption.
Importers, exporters, distributors and users are responsible for
compliance with U.S. and local country laws. By using this product you
agree to comply with applicable laws and regulations. If you are unable
to comply with U.S. and local laws, return this product immediately.

A summary of U.S. laws governing Cisco cryptographic products may be found at:
http://www.********.com/wwl/export/crypto/tool/stqrg.html

If you require further assistance please contact us by sending email to
export@********.com.


Technology Package License Information: 

------------------------------------------------------------------------------
Technology-package                                     Technology-package
Current                        Type                       Next reboot  
------------------------------------------------------------------------------
network-essentials  	Smart License                 	 network-essentials  
dna-essentials      	Subscription Smart License    	 dna-essentials                


Smart Licensing Status: Smart Licensing Using Policy

******** C9200-48PXG (ARM64) processor with 630881K/3071K bytes of memory.
Processor board ID FVH28490RX0
1 Virtual Ethernet interface
40 Gigabit Ethernet interfaces
12 Ten Gigabit Ethernet interfaces
2 TwentyFive Gigabit Ethernet interfaces
2 Forty Gigabit Ethernet interfaces
2048K bytes of non-volatile configuration memory.
4014044K bytes of physical memory.
819200K bytes of Crash Files at crashinfo:.
1941504K bytes of Flash at flash:.

Base Ethernet MAC Address          : 48:a1:70:f4:ab:00
Motherboard Assembly Number        : 73-20065-04
Motherboard Serial Number          : FVH28490RX0
Model Revision Number              : Q0
Motherboard Revision Number        : C0
Model Number                       : C9200-48PXG
System Serial Number               : FVH28490RX0
CLEI Code Number                   : INM8S10ARB


Switch Ports Model              SW Version        SW Image              Mode   
------ ----- -----              ----------        ----------            ----   
*    1 56    C9200-48PXG        17.12.04          CAT9K_LITE_IOSXE      INSTALL


Configuration register is 0x102

Switch#
Switch#dir flash: | include free
1956839424 bytes total (1310404608 bytes free)
Switch#copy running-config startup-config
Destination filename [startup-config]? 
Building configuration...
[OK]
Switch#
Switch#exit
